\BOOKMARK [1][-]{section.1}{\376\377\000P\000o\000l\000y\000t\000o\000p\000i\000c\000\040\000S\000y\000s\000t\000e\000m\000s\000\040\000B\000a\000c\000k\000g\000r\000o\000u\000n\000d}{}% 1
\BOOKMARK [2][-]{subsection.1.1}{\376\377\000G\000e\000n\000e\000r\000a\000l\000\040\000C\000o\000n\000t\000i\000n\000u\000o\000u\000s\000\040\000T\000i\000m\000e\000\040\000P\000o\000l\000y\000t\000o\000p\000i\000c\000\040\000M\000o\000d\000e\000l}{section.1}% 2
\BOOKMARK [2][-]{subsection.1.2}{\376\377\000D\000i\000s\000c\000r\000e\000t\000e\000\040\000T\000i\000m\000e\000\040\000P\000o\000l\000y\000t\000o\000p\000i\000c\000\040\000M\000o\000d\000e\000l}{section.1}% 3
\BOOKMARK [1][-]{section.2}{\376\377\000J\000o\000i\000n\000t\000\040\000S\000t\000a\000t\000e\000-\000P\000a\000r\000a\000m\000e\000t\000e\000r\000\040\000E\000s\000t\000i\000m\000a\000t\000i\000o\000n\000\040\000P\000r\000o\000b\000l\000e\000m}{}% 4
\BOOKMARK [2][-]{subsection.2.1}{\376\377\000P\000r\000o\000b\000l\000e\000m\000\040\000S\000i\000m\000p\000l\000i\000f\000i\000c\000a\000t\000i\000o\000n\000s\000/\000A\000s\000s\000u\000m\000p\000t\000i\000o\000n\000s\000\040\000b\000e\000e\000l\000e\000n\0002\0000\0001\0007\000j\000o\000i\000n\000t}{section.2}% 5
\BOOKMARK [2][-]{subsection.2.2}{\376\377\000P\000o\000t\000e\000n\000t\000i\000a\000l\000\040\000M\000e\000t\000h\000o\000d\000s}{section.2}% 6
\BOOKMARK [1][-]{section.3}{\376\377\000K\000a\000l\000m\000e\000n\000\040\000F\000i\000l\000t\000e\000r\000\040\000D\000e\000r\000i\000v\000e\000d\000\040\000M\000e\000t\000h\000o\000d\000s}{}% 7
\BOOKMARK [2][-]{subsection.3.1}{\376\377\000E\000x\000t\000e\000n\000d\000e\000d\000\040\000K\000a\000l\000m\000e\000n\000\040\000F\000i\000l\000t\000e\000r\000\040\000\050\000E\000K\000F\000\051\000\040\000M\000e\000t\000h\000o\000d\000\040\000e\000k\000f\000p\000a\000r\000a\000m\000e\000s\000t}{section.3}% 8
\BOOKMARK [1][-]{section.4}{\376\377\000D\000E\000\040\000M\000e\000t\000h\000o\000d\000\040\000O\000p\000t\000i\000m\000i\000z\000a\000t\000i\000o\000n\000\040\000P\000r\000o\000b\000l\000e\000m\000\040\000D\000e\000f\000i\000n\000i\000t\000i\000o\000n\000\040\000a\000n\000d\000\040\000S\000o\000l\000u\000t\000i\000o\000n\000\040\000b\000e\000e\000l\000e\000n\0002\0000\0001\0007\000j\000o\000i\000n\000t}{}% 9
\BOOKMARK [2][-]{subsection.4.1}{\376\377\000S\000t\000a\000t\000e\000\040\000E\000s\000t\000i\000m\000a\000t\000i\000o\000n\000\040\000P\000r\000o\000b\000l\000e\000m\000\040\000a\000n\000d\000\040\000S\000o\000l\000u\000t\000i\000o\000n}{section.4}% 10
\BOOKMARK [3][-]{subsubsection.4.1.1}{\376\377\000S\000t\000a\000t\000e\000\040\000E\000s\000t\000i\000m\000a\000t\000i\000o\000n\000\040\000E\000r\000r\000o\000r\000:}{subsection.4.1}% 11
\BOOKMARK [3][-]{subsubsection.4.1.2}{\376\377\000E\000s\000t\000i\000m\000a\000t\000o\000r\000\040\000I\000S\000S\000\040\000L\000y\000a\000p\000a\000n\000o\000v\000\040\000F\000u\000n\000c\000t\000i\000o\000n\000:}{subsection.4.1}% 12
\BOOKMARK [3][-]{subsubsection.4.1.3}{\376\377\000L\000M\000I\000\040\000F\000e\000a\000s\000i\000b\000i\000l\000i\000t\000y\000\040\000P\000r\000o\000b\000l\000e\000m\000\040\000f\000o\000r\000\040\000I\000S\000S}{subsection.4.1}% 13
\BOOKMARK [2][-]{subsection.4.2}{\376\377\000P\000a\000r\000a\000m\000e\000t\000e\000r\000\040\000E\000s\000t\000i\000m\000a\000t\000i\000o\000n\000\040\000P\000r\000o\000b\000l\000e\000m\000\040\000a\000n\000d\000\040\000S\000o\000l\000u\000t\000i\000o\000n}{section.4}% 14
\BOOKMARK [3][-]{subsubsection.4.2.1}{\376\377\000P\000a\000r\000a\000m\000e\000t\000e\000r\000\040\000E\000s\000t\000i\000m\000a\000t\000e\000\040\000O\000p\000t\000i\000m\000i\000z\000a\000t\000i\000o\000n\000\040\000P\000r\000o\000b\000l\000e\000m\000b\000e\000e\000l\000e\000n\0002\0000\0001\0007\000j\000o\000i\000n\000t}{subsection.4.2}% 15
\BOOKMARK [3][-]{subsubsection.4.2.2}{\376\377\000S\000t\000e\000p\000\040\0001\000:\000\040\000D\000e\000t\000e\000r\000m\000i\000n\000e\000\040\000P\000o\000l\000y\000n\000o\000m\000i\000a\000l\000\040\000C\000o\000e\000f\000f\000i\000c\000i\000e\000n\000t\000s}{subsection.4.2}% 16
\BOOKMARK [3][-]{subsubsection.4.2.3}{\376\377\000S\000t\000e\000p\000\040\0002\000:\000\040\000D\000e\000t\000e\000r\000m\000i\000n\000e\000\040\000S\000c\000h\000e\000d\000u\000l\000i\000n\000g\000\040\000P\000a\000r\000a\000m\000e\000t\000e\000r}{subsection.4.2}% 17
\BOOKMARK [1][-]{section.5}{\376\377\000N\000u\000m\000e\000r\000i\000c\000a\000l\000\040\000E\000x\000p\000e\000r\000i\000m\000e\000n\000t\000a\000t\000i\000o\000n}{}% 18
\BOOKMARK [2][-]{subsection.5.1}{\376\377\000S\000i\000m\000u\000l\000a\000t\000i\000o\000n\000\040\000I\000m\000p\000l\000e\000m\000e\000n\000t\000a\000t\000i\000o\000n}{section.5}% 19
\BOOKMARK [2][-]{subsection.5.2}{\376\377\000E\000x\000a\000m\000p\000l\000e\000\040\000P\000o\000l\000y\000o\000t\000o\000p\000i\000c\000\040\000S\000y\000s\000t\000e\000m}{section.5}% 20
\BOOKMARK [2][-]{subsection.5.3}{\376\377\000D\000E\000\040\000I\000m\000p\000l\000e\000m\000e\000n\000t\000a\000t\000i\000o\000n}{section.5}% 21
\BOOKMARK [2][-]{subsection.5.4}{\376\377\000E\000K\000F\000\040\000I\000m\000p\000l\000e\000m\000e\000n\000t\000a\000t\000i\000o\000n}{section.5}% 22
\BOOKMARK [2][-]{subsection.5.5}{\376\377\000I\000M\000M\000\040\000I\000m\000p\000l\000e\000m\000e\000n\000t\000a\000t\000i\000o\000n}{section.5}% 23
\BOOKMARK [2][-]{subsection.5.6}{\376\377\000R\000e\000c\000r\000e\000a\000t\000e\000d\000\040\000R\000e\000s\000u\000l\000t\000s}{section.5}% 24
\BOOKMARK [1][-]{section.6}{\376\377\000A\000t\000t\000a\000c\000k\000\040\000I\000m\000p\000l\000e\000m\000e\000n\000t\000a\000t\000i\000o\000n}{}% 25
\BOOKMARK [1][-]{section.7}{\376\377\000R\000e\000s\000u\000l\000t\000s}{}% 26
\BOOKMARK [1][-]{section.8}{\376\377\000D\000i\000s\000c\000u\000s\000s\000i\000o\000n}{}% 27
\BOOKMARK [1][-]{section.9}{\376\377\000C\000o\000n\000c\000l\000u\000s\000i\000o\000n}{}% 28
\BOOKMARK [1][-]{section*.1}{\376\377\000R\000e\000f\000e\000r\000e\000n\000c\000e\000s}{}% 29
\BOOKMARK [1][-]{section*.2}{\376\377\000A\000p\000p\000e\000n\000d\000i\000x}{}% 30
